{
  "stats": {
    "suites": 1,
    "tests": 1,
    "passes": 1,
    "pending": 0,
    "failures": 0,
    "start": "2024-07-16T09:35:42.517Z",
    "end": "2024-07-16T09:35:42.563Z",
    "duration": 46,
    "testsRegistered": 1,
    "passPercent": 100,
    "pendingPercent": 0,
    "other": 0,
    "hasOther": false,
    "skipped": 0,
    "hasSkipped": false
  },
  "results": [
    {
      "uuid": "f7c1a624-b18b-44ea-9240-d5bf6527e88e",
      "title": "",
      "fullFile": "/Users/iga/Desktop/Projects/PROJECT AUTOMATIC TESTS FOR GIT/API automatic tests/tests/pets/put-pet.spec.js",
      "file": "/tests/pets/put-pet.spec.js",
      "beforeHooks": [],
      "afterHooks": [],
      "tests": [],
      "suites": [
        {
          "uuid": "9f0e8f58-a444-4530-9f92-b220159ba240",
          "title": "PUT - updating a pet",
          "fullFile": "/Users/iga/Desktop/Projects/PROJECT AUTOMATIC TESTS FOR GIT/API automatic tests/tests/pets/put-pet.spec.js",
          "file": "/tests/pets/put-pet.spec.js",
          "beforeHooks": [],
          "afterHooks": [],
          "tests": [
            {
              "title": "should update a pet and return status code 200",
              "fullTitle": "PUT - updating a pet should update a pet and return status code 200",
              "timedOut": false,
              "duration": 41,
              "state": "passed",
              "speed": "medium",
              "pass": true,
              "fail": false,
              "pending": false,
              "context": null,
              "code": "// Arrange:\nconst petId = petIds.toPut;\nconst name = faker.lorem.word(4);\nconst expectedStatusCode = 200;\nconst payload = {\n  id: petId,\n  name,\n  photoUrls: ['https://dogtime.com/wp-content/uploads/sites/12/2023/08/GettyImages-865592368-e1692904739165.jpg'],\n  \n};\n// Act:\nconst response = await request.put('pet').send(payload);\n// Assert:\nexpect(response.statusCode).to.be.equal(expectedStatusCode);\npayload.id = response.body.id;\nconst responsePet = await request.get(`pet/${petId}`);\nexpect(responsePet.body.name).to.be.deep.equal(payload.name,\n  `Assertion failed on ${JSON.stringify(response.body)}`);",
              "err": {},
              "uuid": "7c7817ef-b7f7-40c7-bb55-4f4956e094b5",
              "parentUUID": "9f0e8f58-a444-4530-9f92-b220159ba240",
              "isHook": false,
              "skipped": false
            }
          ],
          "suites": [],
          "passes": [
            "7c7817ef-b7f7-40c7-bb55-4f4956e094b5"
          ],
          "failures": [],
          "pending": [],
          "skipped": [],
          "duration": 41,
          "root": false,
          "rootEmpty": false,
          "_timeout": 5000
        }
      ],
      "passes": [],
      "failures": [],
      "pending": [],
      "skipped": [],
      "duration": 0,
      "root": true,
      "rootEmpty": true,
      "_timeout": 5000
    }
  ],
  "meta": {
    "mocha": {
      "version": "10.4.0"
    },
    "mochawesome": {
      "options": {
        "quiet": false,
        "reportFilename": "mochawesome",
        "saveHtml": true,
        "saveJson": true,
        "consoleReporter": "spec",
        "useInlineDiffs": false,
        "code": true
      },
      "version": "7.1.3"
    },
    "marge": {
      "options": {
        "overwrite": "true",
        "reportTitle": "My Custom Title",
        "showPassed": "true"
      },
      "version": "6.2.0"
    }
  }
}