{
  "stats": {
    "suites": 1,
    "tests": 1,
    "passes": 1,
    "pending": 0,
    "failures": 0,
    "start": "2024-06-25T12:03:34.472Z",
    "end": "2024-06-25T12:03:35.593Z",
    "duration": 1121,
    "testsRegistered": 1,
    "passPercent": 100,
    "pendingPercent": 0,
    "other": 0,
    "hasOther": false,
    "skipped": 0,
    "hasSkipped": false
  },
  "results": [
    {
      "uuid": "5de864ae-6dff-4c72-8a24-d5d67176f18f",
      "title": "",
      "fullFile": "/Users/iga/Desktop/Projects/PROJECT AUTOMATIC TESTS/API automatic tests/tests/films/post-pets.spec.js",
      "file": "/tests/films/post-pets.spec.js",
      "beforeHooks": [],
      "afterHooks": [],
      "tests": [],
      "suites": [
        {
          "uuid": "059f7183-e688-4516-917b-22bc8dc4b33e",
          "title": "Creating a unique pet",
          "fullFile": "/Users/iga/Desktop/Projects/PROJECT AUTOMATIC TESTS/API automatic tests/tests/films/post-pets.spec.js",
          "file": "/tests/films/post-pets.spec.js",
          "beforeHooks": [],
          "afterHooks": [],
          "tests": [
            {
              "title": "should create a pet and return status code 200",
              "fullTitle": "Creating a unique pet should create a pet and return status code 200",
              "timedOut": false,
              "duration": 1114,
              "state": "passed",
              "speed": "slow",
              "pass": true,
              "fail": false,
              "pending": false,
              "context": null,
              "code": "// Arrange:\nconst expectedStatusCode = 200;\nconst uniqueId = new Date().getTime();\nconst name = faker.lorem.word(6);\nconst payload = {\n  id: uniqueId,\n  category: {\n    id: 0,\n    name,\n  },\n  name,\n  photoUrls: [\n    'https://www.akc.org/wp-content/uploads/2017/11/Collie-standing-in-a-field.jpg',\n  ],\n  tags: [\n    {\n      id: 0,\n      name: 'string',\n    },\n  ],\n  status: 'available',\n};\n// Act:\nconst response = await request.post('v2/pet').send(payload);\n// Assert:\nexpect(response.statusCode).to.be.equal(\n  expectedStatusCode,\n  `Assertion failed on ${JSON.stringify(response.body)}`,\n);\nconst responsePet = await request.get(`v2/pet/${response.body.id}`);\npayload.id = response.body.id;\nexpect(responsePet.body).to.be.deep.equal(\n  payload,\n  `Assertion failed on ${responsePet.body}`,\n);",
              "err": {},
              "uuid": "89fb9ce8-f548-40fb-af68-ed27fb714973",
              "parentUUID": "059f7183-e688-4516-917b-22bc8dc4b33e",
              "isHook": false,
              "skipped": false
            }
          ],
          "suites": [],
          "passes": [
            "89fb9ce8-f548-40fb-af68-ed27fb714973"
          ],
          "failures": [],
          "pending": [],
          "skipped": [],
          "duration": 1114,
          "root": false,
          "rootEmpty": false,
          "_timeout": 5000
        }
      ],
      "passes": [],
      "failures": [],
      "pending": [],
      "skipped": [],
      "duration": 0,
      "root": true,
      "rootEmpty": true,
      "_timeout": 5000
    }
  ],
  "meta": {
    "mocha": {
      "version": "10.4.0"
    },
    "mochawesome": {
      "options": {
        "quiet": false,
        "reportFilename": "mochawesome",
        "saveHtml": true,
        "saveJson": true,
        "consoleReporter": "spec",
        "useInlineDiffs": false,
        "code": true
      },
      "version": "7.1.3"
    },
    "marge": {
      "options": {
        "overwrite": "true",
        "reportTitle": "My Custom Title",
        "showPassed": "true"
      },
      "version": "6.2.0"
    }
  }
}