{
  "stats": {
    "suites": 1,
    "tests": 1,
    "passes": 0,
    "pending": 0,
    "failures": 1,
    "start": "2024-07-17T09:27:24.501Z",
    "end": "2024-07-17T09:27:24.686Z",
    "duration": 185,
    "testsRegistered": 1,
    "passPercent": 0,
    "pendingPercent": 0,
    "other": 0,
    "hasOther": false,
    "skipped": 0,
    "hasSkipped": false
  },
  "results": [
    {
      "uuid": "51347fb8-d8f9-4586-958f-d21c563155ff",
      "title": "",
      "fullFile": "/Users/iga/Desktop/Projects/PROJECT AUTOMATIC TESTS FOR GIT/API automatic tests/tests/user/get-login-user.spec.js",
      "file": "/tests/user/get-login-user.spec.js",
      "beforeHooks": [],
      "afterHooks": [],
      "tests": [],
      "suites": [
        {
          "uuid": "d5e0c1c6-7e31-42ba-bb0e-ecb9cd1532ca",
          "title": "GET user/login",
          "fullFile": "/Users/iga/Desktop/Projects/PROJECT AUTOMATIC TESTS FOR GIT/API automatic tests/tests/user/get-login-user.spec.js",
          "file": "/tests/user/get-login-user.spec.js",
          "beforeHooks": [],
          "afterHooks": [],
          "tests": [
            {
              "title": "should login a user of store with params",
              "fullTitle": "GET user/login should login a user of store with params",
              "timedOut": false,
              "duration": 176,
              "state": "failed",
              "speed": null,
              "pass": false,
              "fail": true,
              "pending": false,
              "context": null,
              "code": "// Arrange:\nconst expectedStatusCode = 200;\nconst username = userData.username;\nconst password = userData.password;\n// Act:\nconst response = await request.get(\n  `user/login?username=${username}&password=${password}`,\n);\nconsole.log(response)\n// Assert:\nexpect(response.statusCode).to.be.equal(\n  expectedStatusCode,\n  `For GET user/login we expect status code ${expectedStatusCode}`,\n);",
              "err": {
                "message": "SyntaxError: Unexpected token 'L', \"Logged in \"... is not valid JSON",
                "estack": "SyntaxError: Unexpected token 'L', \"Logged in \"... is not valid JSON\n    at JSON.parse (<anonymous>)\n    at IncomingMessage.<anonymous> (node_modules/superagent/lib/node/parsers/json.js:13:31)\n    at IncomingMessage.emit (node:events:526:35)\n    at endReadableNT (node:internal/streams/readable:1589:12)\n    at process.processTicksAndRejections (node:internal/process/task_queues:82:21)",
                "diff": null
              },
              "uuid": "0da25bcd-883f-4008-9fd4-13b0e56c4d11",
              "parentUUID": "d5e0c1c6-7e31-42ba-bb0e-ecb9cd1532ca",
              "isHook": false,
              "skipped": false
            }
          ],
          "suites": [],
          "passes": [],
          "failures": [
            "0da25bcd-883f-4008-9fd4-13b0e56c4d11"
          ],
          "pending": [],
          "skipped": [],
          "duration": 176,
          "root": false,
          "rootEmpty": false,
          "_timeout": 5000
        }
      ],
      "passes": [],
      "failures": [],
      "pending": [],
      "skipped": [],
      "duration": 0,
      "root": true,
      "rootEmpty": true,
      "_timeout": 5000
    }
  ],
  "meta": {
    "mocha": {
      "version": "10.4.0"
    },
    "mochawesome": {
      "options": {
        "quiet": false,
        "reportFilename": "mochawesome",
        "saveHtml": true,
        "saveJson": true,
        "consoleReporter": "spec",
        "useInlineDiffs": false,
        "code": true
      },
      "version": "7.1.3"
    },
    "marge": {
      "options": {
        "overwrite": "true",
        "reportTitle": "My Custom Title",
        "showPassed": "true"
      },
      "version": "6.2.0"
    }
  }
}