{
  "stats": {
    "suites": 1,
    "tests": 1,
    "passes": 1,
    "pending": 0,
    "failures": 0,
    "start": "2024-06-28T15:31:24.479Z",
    "end": "2024-06-28T15:31:24.521Z",
    "duration": 42,
    "testsRegistered": 1,
    "passPercent": 100,
    "pendingPercent": 0,
    "other": 0,
    "hasOther": false,
    "skipped": 0,
    "hasSkipped": false
  },
  "results": [
    {
      "uuid": "b792041e-fa04-46cf-8893-772ff180ed19",
      "title": "",
      "fullFile": "/Users/iga/Desktop/Projects/PROJECT AUTOMATIC TESTS/API automatic tests/tests/user/login-user.spec.js",
      "file": "/tests/user/login-user.spec.js",
      "beforeHooks": [],
      "afterHooks": [],
      "tests": [],
      "suites": [
        {
          "uuid": "ac3227f0-6387-4068-bc87-c7f7d6fb7902",
          "title": "Creating user account",
          "fullFile": "/Users/iga/Desktop/Projects/PROJECT AUTOMATIC TESTS/API automatic tests/tests/user/login-user.spec.js",
          "file": "/tests/user/login-user.spec.js",
          "beforeHooks": [],
          "afterHooks": [],
          "tests": [
            {
              "title": "should create user account with input data",
              "fullTitle": "Creating user account should create user account with input data",
              "timedOut": false,
              "duration": 36,
              "state": "passed",
              "speed": "fast",
              "pass": true,
              "fail": false,
              "pending": false,
              "context": null,
              "code": "// Arrange:\nconst expectedStatusCode = 200;\nconst id = faker.string.uuid(2);\nconst username = faker.lorem.word(4);\nconst firstName = faker.lorem.word(5);\nconst lastName = faker.lorem.word(7);\nconst email = faker.internet.email(10);\nconst password = faker.lorem.paragraph(1);\nconst phone = faker.number.int(9);\n\nconst userData = {\n  username,\n  firstName,\n  lastName,\n  email,\n  password,\n  phone,\n};\n// Act:\nconst response = await request.post('v2/user').send(userData);\n// Assert:\nexpect(response.statusCode).to.be.equal(\n  expectedStatusCode,\n  `For POST/v2/user we expect status code ${expectedStatusCode}`,\n);",
              "err": {},
              "uuid": "86a599f4-f66f-4114-817b-7cd33f4419c5",
              "parentUUID": "ac3227f0-6387-4068-bc87-c7f7d6fb7902",
              "isHook": false,
              "skipped": false
            }
          ],
          "suites": [],
          "passes": [
            "86a599f4-f66f-4114-817b-7cd33f4419c5"
          ],
          "failures": [],
          "pending": [],
          "skipped": [],
          "duration": 36,
          "root": false,
          "rootEmpty": false,
          "_timeout": 5000
        }
      ],
      "passes": [],
      "failures": [],
      "pending": [],
      "skipped": [],
      "duration": 0,
      "root": true,
      "rootEmpty": true,
      "_timeout": 5000
    }
  ],
  "meta": {
    "mocha": {
      "version": "10.4.0"
    },
    "mochawesome": {
      "options": {
        "quiet": false,
        "reportFilename": "mochawesome",
        "saveHtml": true,
        "saveJson": true,
        "consoleReporter": "spec",
        "useInlineDiffs": false,
        "code": true
      },
      "version": "7.1.3"
    },
    "marge": {
      "options": {
        "overwrite": "true",
        "reportTitle": "My Custom Title",
        "showPassed": "true"
      },
      "version": "6.2.0"
    }
  }
}