{
  "stats": {
    "suites": 1,
    "tests": 1,
    "passes": 1,
    "pending": 0,
    "failures": 0,
    "start": "2024-06-25T09:59:39.129Z",
    "end": "2024-06-25T09:59:39.857Z",
    "duration": 728,
    "testsRegistered": 1,
    "passPercent": 100,
    "pendingPercent": 0,
    "other": 0,
    "hasOther": false,
    "skipped": 0,
    "hasSkipped": false
  },
  "results": [
    {
      "uuid": "ca0ff328-9ae3-441e-be72-4979e4916ceb",
      "title": "",
      "fullFile": "/Users/iga/Desktop/Projects/PROJECT AUTOMATIC TESTS/API automatic tests/tests/films/get-pets.spec.js",
      "file": "/tests/films/get-pets.spec.js",
      "beforeHooks": [],
      "afterHooks": [],
      "tests": [],
      "suites": [
        {
          "uuid": "47efb680-fed6-46e0-bf2a-5628bed4ccbd",
          "title": "GET/pets",
          "fullFile": "/Users/iga/Desktop/Projects/PROJECT AUTOMATIC TESTS/API automatic tests/tests/films/get-pets.spec.js",
          "file": "/tests/films/get-pets.spec.js",
          "beforeHooks": [],
          "afterHooks": [],
          "tests": [
            {
              "title": "should return pets filtered by available status",
              "fullTitle": "GET/pets should return pets filtered by available status",
              "timedOut": false,
              "duration": 720,
              "state": "passed",
              "speed": "slow",
              "pass": true,
              "fail": false,
              "pending": false,
              "context": null,
              "code": "// Arrange:\nconst expectedStatusCode = 200;\n// Act:\nconst response = await request.get('v2/pet/findByStatus?status=available');\n// Assert:\nexpect(response.statusCode).to.be.equal(\n  expectedStatusCode,\n  `For GET/v2/pet/findByStatus?status=available' we expect status code ${expectedStatusCode}`,\n);",
              "err": {},
              "uuid": "75ca4e5f-a3a4-4448-b1f7-9f2a288b60e7",
              "parentUUID": "47efb680-fed6-46e0-bf2a-5628bed4ccbd",
              "isHook": false,
              "skipped": false
            }
          ],
          "suites": [],
          "passes": [
            "75ca4e5f-a3a4-4448-b1f7-9f2a288b60e7"
          ],
          "failures": [],
          "pending": [],
          "skipped": [],
          "duration": 720,
          "root": false,
          "rootEmpty": false,
          "_timeout": 5000
        }
      ],
      "passes": [],
      "failures": [],
      "pending": [],
      "skipped": [],
      "duration": 0,
      "root": true,
      "rootEmpty": true,
      "_timeout": 5000
    }
  ],
  "meta": {
    "mocha": {
      "version": "10.4.0"
    },
    "mochawesome": {
      "options": {
        "quiet": false,
        "reportFilename": "mochawesome",
        "saveHtml": true,
        "saveJson": true,
        "consoleReporter": "spec",
        "useInlineDiffs": false,
        "code": true
      },
      "version": "7.1.3"
    },
    "marge": {
      "options": {
        "overwrite": "true",
        "reportTitle": "My Custom Title",
        "showPassed": "true"
      },
      "version": "6.2.0"
    }
  }
}