{
  "stats": {
    "suites": 4,
    "tests": 7,
    "passes": 6,
    "pending": 0,
    "failures": 1,
    "start": "2024-06-25T15:05:01.205Z",
    "end": "2024-06-25T15:05:06.357Z",
    "duration": 5152,
    "testsRegistered": 7,
    "passPercent": 85.71428571428571,
    "pendingPercent": 0,
    "other": 0,
    "hasOther": false,
    "skipped": 0,
    "hasSkipped": false
  },
  "results": [
    {
      "uuid": "56167874-ccfa-4cec-ba14-deef7e36b21b",
      "title": "",
      "fullFile": "",
      "file": "",
      "beforeHooks": [],
      "afterHooks": [],
      "tests": [],
      "suites": [
        {
          "uuid": "ebc2e507-d70b-4037-aa20-351ba67ab4c2",
          "title": "Deleting created pet",
          "fullFile": "/Users/iga/Desktop/Projects/PROJECT AUTOMATIC TESTS/API automatic tests/tests/pets/delete-pet.spec.js",
          "file": "/tests/pets/delete-pet.spec.js",
          "beforeHooks": [],
          "afterHooks": [],
          "tests": [
            {
              "title": "should create a pet and return status code 200",
              "fullTitle": "Deleting created pet should create a pet and return status code 200",
              "timedOut": false,
              "duration": 548,
              "state": "passed",
              "speed": "slow",
              "pass": true,
              "fail": false,
              "pending": false,
              "context": null,
              "code": "// Arrange:\nconst expectedStatusCode = 200;\nconst uniqueId = new Date().getTime();\nconst name = faker.lorem.word(5);\nconst payload = {\n  id: uniqueId,\n  category: {\n    id: 0,\n    name,\n  },\n  name,\n  photoUrls: [\n    'https://dogtime.com/wp-content/uploads/sites/12/2023/08/GettyImages-865592368-e1692904739165.jpg',\n  ],\n  tags: [\n    {\n      id: 0,\n      name: 'string',\n    },\n  ],\n  status: 'available',\n};\n// Act:\nconst response = await request.post('v2/pet').send(payload);\npetToDelete = response.body.id;\n// Assert:\nexpect(response.statusCode).to.be.equal(\n  expectedStatusCode,\n  `Assertion failed on ${JSON.stringify(response.body)}`,\n);",
              "err": {},
              "uuid": "b71aae30-300e-4eaa-99f1-68d6e148b370",
              "parentUUID": "ebc2e507-d70b-4037-aa20-351ba67ab4c2",
              "isHook": false,
              "skipped": false
            },
            {
              "title": "should delete created pet and return status code 200",
              "fullTitle": "Deleting created pet should delete created pet and return status code 200",
              "timedOut": false,
              "duration": 972,
              "state": "passed",
              "speed": "slow",
              "pass": true,
              "fail": false,
              "pending": false,
              "context": null,
              "code": "// Arrange:\nconst expectedStatusCode = 200;\n// Act:\nconst response = await request.delete(`v2/pet/${petToDelete}`);\n// Assert:\nexpect(response.statusCode).to.be.equal(\n  expectedStatusCode,\n  `Assertion failed on ${JSON.stringify(response.body)}`,\n);\nconst responseAfterDelete = await request.get(`v2/pet/${petToDelete}`);\nexpect(responseAfterDelete.statusCode).to.be.equal(\n  404,\n  `Assertion failed on ${responseAfterDelete.body}`,\n);",
              "err": {},
              "uuid": "afbdcd76-719c-423c-b59c-68bdbd88a08d",
              "parentUUID": "ebc2e507-d70b-4037-aa20-351ba67ab4c2",
              "isHook": false,
              "skipped": false
            }
          ],
          "suites": [],
          "passes": [
            "b71aae30-300e-4eaa-99f1-68d6e148b370",
            "afbdcd76-719c-423c-b59c-68bdbd88a08d"
          ],
          "failures": [],
          "pending": [],
          "skipped": [],
          "duration": 1520,
          "root": false,
          "rootEmpty": false,
          "_timeout": 5000
        },
        {
          "uuid": "d5bacff4-4fdb-4458-a2af-abbd9bf88416",
          "title": "GET/pets",
          "fullFile": "/Users/iga/Desktop/Projects/PROJECT AUTOMATIC TESTS/API automatic tests/tests/pets/get-pets.spec.js",
          "file": "/tests/pets/get-pets.spec.js",
          "beforeHooks": [],
          "afterHooks": [],
          "tests": [
            {
              "title": "should return status code 200 and more than 30 pets with all statuses",
              "fullTitle": "GET/pets should return status code 200 and more than 30 pets with all statuses",
              "timedOut": false,
              "duration": 595,
              "state": "passed",
              "speed": "slow",
              "pass": true,
              "fail": false,
              "pending": false,
              "context": null,
              "code": "// Arrange:\nconst expectedStatusCode = 200;\nconst expectedNumberOfPets = 30;\n// Act:\nconst response = await request.get(\n  'v2/pet/findByStatus?status=available&status=pending&status=sold',\n);\n// Assert:\nexpect(response.statusCode).to.be.equal(\n  expectedStatusCode,\n  `For GET/pets we expect status code ${expectedStatusCode}`,\n);\nexpect(response.body.length).to.be.greaterThanOrEqual(\n  expectedNumberOfPets,\n  `For GET/pets we expect more than ${expectedStatusCode} pets with all statuses`,\n);",
              "err": {},
              "uuid": "15090f8b-c9a3-42fc-b174-6e967ad3d921",
              "parentUUID": "d5bacff4-4fdb-4458-a2af-abbd9bf88416",
              "isHook": false,
              "skipped": false
            },
            {
              "title": "should return a pet with given id",
              "fullTitle": "GET/pets should return a pet with given id",
              "timedOut": false,
              "duration": 485,
              "state": "failed",
              "speed": null,
              "pass": false,
              "fail": true,
              "pending": false,
              "context": null,
              "code": "// Arrange:\nconst expectedStatusCode = 200;\nconst expectedPetId = petIds.toGet;\n// Act:\nconst response = await request.get(`v2/pet/${expectedPetId}`);\n// Assert:\nexpect(response.statusCode).to.be.equal(\n  expectedStatusCode,\n  `For GET/v2/pet/${expectedPetId} we expect status code ${expectedStatusCode}`,\n);\nexpect(response.body.id).to.be.equal(\n  expectedPetId,\n  `For GET/v2/pet/${expectedPetId} we get: ${JSON.stringify(response.body)}`,\n);",
              "err": {
                "message": "AssertionError: For GET/v2/pet/22 we expect status code 200: expected 404 to equal 200",
                "estack": "AssertionError: For GET/v2/pet/22 we expect status code 200: expected 404 to equal 200\n    at Context.<anonymous> (tests/pets/get-pets.spec.js:30:39)\n    at process.processTicksAndRejections (node:internal/process/task_queues:95:5)",
                "diff": "- 404\n+ 200\n"
              },
              "uuid": "7b955e42-c684-49ac-8c4c-228249b7237a",
              "parentUUID": "d5bacff4-4fdb-4458-a2af-abbd9bf88416",
              "isHook": false,
              "skipped": false
            },
            {
              "title": "should return pets filtered by available status",
              "fullTitle": "GET/pets should return pets filtered by available status",
              "timedOut": false,
              "duration": 603,
              "state": "passed",
              "speed": "slow",
              "pass": true,
              "fail": false,
              "pending": false,
              "context": null,
              "code": "// Arrange:\nconst expectedStatusCode = 200;\n// Act:\nconst response = await request.get('v2/pet/findByStatus?status=available');\n// Assert:\nexpect(response.statusCode).to.be.equal(\n  expectedStatusCode,\n  `For GET/v2/pet/findByStatus?status=available' we expect status code ${expectedStatusCode}`,\n);",
              "err": {},
              "uuid": "69845899-e73a-4c58-8af0-a6d11aeefa54",
              "parentUUID": "d5bacff4-4fdb-4458-a2af-abbd9bf88416",
              "isHook": false,
              "skipped": false
            }
          ],
          "suites": [],
          "passes": [
            "15090f8b-c9a3-42fc-b174-6e967ad3d921",
            "69845899-e73a-4c58-8af0-a6d11aeefa54"
          ],
          "failures": [
            "7b955e42-c684-49ac-8c4c-228249b7237a"
          ],
          "pending": [],
          "skipped": [],
          "duration": 1683,
          "root": false,
          "rootEmpty": false,
          "_timeout": 5000
        },
        {
          "uuid": "6ec5b827-3b36-4f6a-a094-38fdc2390cc8",
          "title": "Creating a unique pet",
          "fullFile": "/Users/iga/Desktop/Projects/PROJECT AUTOMATIC TESTS/API automatic tests/tests/pets/post-pets.spec.js",
          "file": "/tests/pets/post-pets.spec.js",
          "beforeHooks": [],
          "afterHooks": [],
          "tests": [
            {
              "title": "should create a pet and return status code 200",
              "fullTitle": "Creating a unique pet should create a pet and return status code 200",
              "timedOut": false,
              "duration": 963,
              "state": "passed",
              "speed": "slow",
              "pass": true,
              "fail": false,
              "pending": false,
              "context": null,
              "code": "// Arrange:\nconst expectedStatusCode = 200;\nconst uniqueId = new Date().getTime();\nconst name = faker.lorem.word(6);\nconst payload = {\n  id: uniqueId,\n  category: {\n    id: 0,\n    name,\n  },\n  name,\n  photoUrls: [\n    'https://dogtime.com/wp-content/uploads/sites/12/2023/08/GettyImages-865592368-e1692904739165.jpg',\n  ],\n  tags: [\n    {\n      id: 0,\n      name: 'string',\n    },\n  ],\n  status: 'available',\n};\n// Act:\nconst response = await request.post('v2/pet').send(payload);\n// Assert:\nexpect(response.statusCode).to.be.equal(\n  expectedStatusCode,\n  `Assertion failed on ${JSON.stringify(response.body)}`,\n);\nconst responsePet = await request.get(`v2/pet/${response.body.id}`);\npayload.id = response.body.id;\nexpect(responsePet.body).to.be.deep.equal(\n  payload,\n  `Assertion failed on ${responsePet.body}`,\n  console.log(payload)\n);",
              "err": {},
              "uuid": "18874f61-53fa-43cf-b11e-e8fc7e272ddd",
              "parentUUID": "6ec5b827-3b36-4f6a-a094-38fdc2390cc8",
              "isHook": false,
              "skipped": false
            }
          ],
          "suites": [],
          "passes": [
            "18874f61-53fa-43cf-b11e-e8fc7e272ddd"
          ],
          "failures": [],
          "pending": [],
          "skipped": [],
          "duration": 963,
          "root": false,
          "rootEmpty": false,
          "_timeout": 5000
        },
        {
          "uuid": "1f55a869-8bb5-47e6-b74f-4a7bbd548c35",
          "title": "updating pets - PUT",
          "fullFile": "/Users/iga/Desktop/Projects/PROJECT AUTOMATIC TESTS/API automatic tests/tests/pets/put-pet.spec.js",
          "file": "/tests/pets/put-pet.spec.js",
          "beforeHooks": [],
          "afterHooks": [],
          "tests": [
            {
              "title": "should update existing pet and return status code 200",
              "fullTitle": "updating pets - PUT should update existing pet and return status code 200",
              "timedOut": false,
              "duration": 962,
              "state": "passed",
              "speed": "slow",
              "pass": true,
              "fail": false,
              "pending": false,
              "context": null,
              "code": "// Arrange:\nconst petId = petIds.toPut;\nconst name = faker.lorem.word(4);\nconst expectedStatusCode = 200;\nconst payload = {\n  id: petId,\n  name,\n  photoUrls: ['https://dogtime.com/wp-content/uploads/sites/12/2023/08/GettyImages-865592368-e1692904739165.jpg'],\n  \n};\n// Act:\nconst response = await request.put('v2/pet').send(payload);\n// Assert:\nexpect(response.statusCode).to.be.equal(expectedStatusCode);\npayload.id = response.body.id;\nconst responsePet = await request.get(`v2/pet/${petId}`);\nexpect(responsePet.body.name).to.be.deep.equal(payload.name);",
              "err": {},
              "uuid": "e1efeec7-6fc1-44fa-a57c-b74fd6463b51",
              "parentUUID": "1f55a869-8bb5-47e6-b74f-4a7bbd548c35",
              "isHook": false,
              "skipped": false
            }
          ],
          "suites": [],
          "passes": [
            "e1efeec7-6fc1-44fa-a57c-b74fd6463b51"
          ],
          "failures": [],
          "pending": [],
          "skipped": [],
          "duration": 962,
          "root": false,
          "rootEmpty": false,
          "_timeout": 5000
        }
      ],
      "passes": [],
      "failures": [],
      "pending": [],
      "skipped": [],
      "duration": 0,
      "root": true,
      "rootEmpty": true,
      "_timeout": 5000
    }
  ],
  "meta": {
    "mocha": {
      "version": "10.4.0"
    },
    "mochawesome": {
      "options": {
        "quiet": false,
        "reportFilename": "mochawesome",
        "saveHtml": true,
        "saveJson": true,
        "consoleReporter": "spec",
        "useInlineDiffs": false,
        "code": true
      },
      "version": "7.1.3"
    },
    "marge": {
      "options": {
        "overwrite": "true",
        "reportTitle": "My Custom Title",
        "showPassed": "true"
      },
      "version": "6.2.0"
    }
  }
}