{
  "stats": {
    "suites": 1,
    "tests": 1,
    "passes": 1,
    "pending": 0,
    "failures": 0,
    "start": "2024-06-14T17:42:26.992Z",
    "end": "2024-06-14T17:42:30.751Z",
    "duration": 3759,
    "testsRegistered": 1,
    "passPercent": 100,
    "pendingPercent": 0,
    "other": 0,
    "hasOther": false,
    "skipped": 0,
    "hasSkipped": false
  },
  "results": [
    {
      "uuid": "8fe11c8a-9ad8-4a15-a598-4cade45ed470",
      "title": "",
      "fullFile": "/Users/iga/Desktop/Projects/PROJECT AUTOMATIC TESTS/API automatic tests/tests/films/get-films.spec.js",
      "file": "/tests/films/get-films.spec.js",
      "beforeHooks": [],
      "afterHooks": [],
      "tests": [],
      "suites": [
        {
          "uuid": "cadbf916-23f7-478f-ad62-cc2103cdc48a",
          "title": "GET/api/films",
          "fullFile": "/Users/iga/Desktop/Projects/PROJECT AUTOMATIC TESTS/API automatic tests/tests/films/get-films.spec.js",
          "file": "/tests/films/get-films.spec.js",
          "beforeHooks": [],
          "afterHooks": [],
          "tests": [
            {
              "title": "should return status code 200 and 6 films",
              "fullTitle": "GET/api/films should return status code 200 and 6 films",
              "timedOut": false,
              "duration": 3742,
              "state": "passed",
              "speed": "slow",
              "pass": true,
              "fail": false,
              "pending": false,
              "context": null,
              "code": "// Arrange:\nconst expectedStatusCode = 200;\nconst expectedNumberOfFilms = 6;\n// Act:\nconst response = await request.get('/api/films');\nconsole.log(response.body)\n// Assert:\nexpect(response.statusCode).to.be.equal(\n  expectedStatusCode,\n  `For GET/api/films we expect status code ${expectedStatusCode}`,\n);\nexpect(response.body.results.length).to.be.greaterThanOrEqual(expectedNumberOfFilms);",
              "err": {},
              "uuid": "5e863682-7dcd-4185-a01b-5f0fa564aadd",
              "parentUUID": "cadbf916-23f7-478f-ad62-cc2103cdc48a",
              "isHook": false,
              "skipped": false
            }
          ],
          "suites": [],
          "passes": [
            "5e863682-7dcd-4185-a01b-5f0fa564aadd"
          ],
          "failures": [],
          "pending": [],
          "skipped": [],
          "duration": 3742,
          "root": false,
          "rootEmpty": false,
          "_timeout": 5000
        }
      ],
      "passes": [],
      "failures": [],
      "pending": [],
      "skipped": [],
      "duration": 0,
      "root": true,
      "rootEmpty": true,
      "_timeout": 5000
    }
  ],
  "meta": {
    "mocha": {
      "version": "10.4.0"
    },
    "mochawesome": {
      "options": {
        "quiet": false,
        "reportFilename": "mochawesome",
        "saveHtml": true,
        "saveJson": true,
        "consoleReporter": "spec",
        "useInlineDiffs": false,
        "code": true
      },
      "version": "7.1.3"
    },
    "marge": {
      "options": {
        "overwrite": "true",
        "reportTitle": "My Custom Title",
        "showPassed": "true"
      },
      "version": "6.2.0"
    }
  }
}