{
  "stats": {
    "suites": 1,
    "tests": 2,
    "passes": 2,
    "pending": 0,
    "failures": 0,
    "start": "2024-07-01T11:19:25.560Z",
    "end": "2024-07-01T11:19:25.603Z",
    "duration": 43,
    "testsRegistered": 2,
    "passPercent": 100,
    "pendingPercent": 0,
    "other": 0,
    "hasOther": false,
    "skipped": 0,
    "hasSkipped": false
  },
  "results": [
    {
      "uuid": "70edfe62-98f8-46ff-8986-2a406b7fc037",
      "title": "",
      "fullFile": "/Users/iga/Desktop/Projects/PROJECT AUTOMATIC TESTS/API automatic tests/tests/user/delete-user.spec.js",
      "file": "/tests/user/delete-user.spec.js",
      "beforeHooks": [],
      "afterHooks": [],
      "tests": [],
      "suites": [
        {
          "uuid": "a9003dcc-790d-477d-bea4-7305577502d8",
          "title": "Deleting created user account",
          "fullFile": "/Users/iga/Desktop/Projects/PROJECT AUTOMATIC TESTS/API automatic tests/tests/user/delete-user.spec.js",
          "file": "/tests/user/delete-user.spec.js",
          "beforeHooks": [],
          "afterHooks": [],
          "tests": [
            {
              "title": "should create user account",
              "fullTitle": "Deleting created user account should create user account",
              "timedOut": false,
              "duration": 25,
              "state": "passed",
              "speed": "fast",
              "pass": true,
              "fail": false,
              "pending": false,
              "context": null,
              "code": "// Arrange:\nconst expectedStatusCode = 200;\nconst id = faker.string.uuid(2);\nusername = faker.lorem.word(4);\nconst firstName = faker.lorem.word(5);\nconst lastName = faker.lorem.word(7);\nconst email = faker.internet.email(10);\nconst password = userData.password;\nconst phone = faker.number.int(9);\nconst userInput = {\n  username,\n  firstName,\n  lastName,\n  email,\n  password,\n  phone,\n};\n// Act:\nconst response = await request.post('v2/user').send(userInput);\n// Assert:\nexpect(response.statusCode).to.be.equal(\n  expectedStatusCode,\n  `For POST/v2/user we expect status code ${expectedStatusCode}`,\n);",
              "err": {},
              "uuid": "0c80bdb4-e5f4-48aa-848f-5923ff38686b",
              "parentUUID": "a9003dcc-790d-477d-bea4-7305577502d8",
              "isHook": false,
              "skipped": false
            },
            {
              "title": "should delete created user account ",
              "fullTitle": "Deleting created user account should delete created user account ",
              "timedOut": false,
              "duration": 11,
              "state": "passed",
              "speed": "fast",
              "pass": true,
              "fail": false,
              "pending": false,
              "context": null,
              "code": "// Arrange:\nconst expectedStatusCode = 200;\n// Act:\nconst response = await request.delete(`v2/user/${username}`);\n// Assert:\nexpect(response.statusCode).to.be.equal(\n  expectedStatusCode,\n  `For DELETE/v2/user we expect status code ${expectedStatusCode}`,\n);\nconst responseAfterDelete = await request.get(`v2/user/${username}`);\nexpect(responseAfterDelete.statusCode).to.be.equal(404);",
              "err": {},
              "uuid": "9b99fff6-be24-4b57-9101-df1d859623a3",
              "parentUUID": "a9003dcc-790d-477d-bea4-7305577502d8",
              "isHook": false,
              "skipped": false
            }
          ],
          "suites": [],
          "passes": [
            "0c80bdb4-e5f4-48aa-848f-5923ff38686b",
            "9b99fff6-be24-4b57-9101-df1d859623a3"
          ],
          "failures": [],
          "pending": [],
          "skipped": [],
          "duration": 36,
          "root": false,
          "rootEmpty": false,
          "_timeout": 5000
        }
      ],
      "passes": [],
      "failures": [],
      "pending": [],
      "skipped": [],
      "duration": 0,
      "root": true,
      "rootEmpty": true,
      "_timeout": 5000
    }
  ],
  "meta": {
    "mocha": {
      "version": "10.4.0"
    },
    "mochawesome": {
      "options": {
        "quiet": false,
        "reportFilename": "mochawesome",
        "saveHtml": true,
        "saveJson": true,
        "consoleReporter": "spec",
        "useInlineDiffs": false,
        "code": true
      },
      "version": "7.1.3"
    },
    "marge": {
      "options": {
        "overwrite": "true",
        "reportTitle": "My Custom Title",
        "showPassed": "true"
      },
      "version": "6.2.0"
    }
  }
}