{
  "stats": {
    "suites": 1,
    "tests": 1,
    "passes": 1,
    "pending": 0,
    "failures": 0,
    "start": "2024-06-26T12:41:34.283Z",
    "end": "2024-06-26T12:41:34.861Z",
    "duration": 578,
    "testsRegistered": 1,
    "passPercent": 100,
    "pendingPercent": 0,
    "other": 0,
    "hasOther": false,
    "skipped": 0,
    "hasSkipped": false
  },
  "results": [
    {
      "uuid": "f10f28df-6f0e-49ef-b1c0-3a1eb6d0d801",
      "title": "",
      "fullFile": "/Users/iga/Desktop/Projects/PROJECT AUTOMATIC TESTS/API automatic tests/tests/pet store orders/order-status.spec.js",
      "file": "/tests/pet store orders/order-status.spec.js",
      "beforeHooks": [],
      "afterHooks": [],
      "tests": [],
      "suites": [
        {
          "uuid": "82f95af6-a430-4e88-90e4-344baca7d5f4",
          "title": "Pet store orders and statuses",
          "fullFile": "/Users/iga/Desktop/Projects/PROJECT AUTOMATIC TESTS/API automatic tests/tests/pet store orders/order-status.spec.js",
          "file": "/tests/pet store orders/order-status.spec.js",
          "beforeHooks": [],
          "afterHooks": [],
          "tests": [
            {
              "title": "should return an order with given id",
              "fullTitle": "Pet store orders and statuses should return an order with given id",
              "timedOut": false,
              "duration": 570,
              "state": "passed",
              "speed": "slow",
              "pass": true,
              "fail": false,
              "pending": false,
              "context": null,
              "code": "// Arrange:\nconst expectedStatusCode = 200;\nconst petId = 2;\n// Act:\nconst response = await request.get(`v2/store/order/${petId}`);\n// Assert:\nexpect(response.statusCode).to.be.equal(\n  expectedStatusCode,\n  `Assertion failed on ${JSON.stringify(response.body)}`,\n);\nexpect(response.body.id).to.be.equal(petId);",
              "err": {},
              "uuid": "f5b4efbb-27ed-4c80-87c8-5bb0376a1479",
              "parentUUID": "82f95af6-a430-4e88-90e4-344baca7d5f4",
              "isHook": false,
              "skipped": false
            }
          ],
          "suites": [],
          "passes": [
            "f5b4efbb-27ed-4c80-87c8-5bb0376a1479"
          ],
          "failures": [],
          "pending": [],
          "skipped": [],
          "duration": 570,
          "root": false,
          "rootEmpty": false,
          "_timeout": 5000
        }
      ],
      "passes": [],
      "failures": [],
      "pending": [],
      "skipped": [],
      "duration": 0,
      "root": true,
      "rootEmpty": true,
      "_timeout": 5000
    }
  ],
  "meta": {
    "mocha": {
      "version": "10.4.0"
    },
    "mochawesome": {
      "options": {
        "quiet": false,
        "reportFilename": "mochawesome",
        "saveHtml": true,
        "saveJson": true,
        "consoleReporter": "spec",
        "useInlineDiffs": false,
        "code": true
      },
      "version": "7.1.3"
    },
    "marge": {
      "options": {
        "overwrite": "true",
        "reportTitle": "My Custom Title",
        "showPassed": "true"
      },
      "version": "6.2.0"
    }
  }
}