{
  "stats": {
    "suites": 2,
    "tests": 2,
    "passes": 2,
    "pending": 0,
    "failures": 0,
    "start": "2024-06-28T16:41:05.817Z",
    "end": "2024-06-28T16:41:05.860Z",
    "duration": 43,
    "testsRegistered": 2,
    "passPercent": 100,
    "pendingPercent": 0,
    "other": 0,
    "hasOther": false,
    "skipped": 0,
    "hasSkipped": false
  },
  "results": [
    {
      "uuid": "67c76301-8732-4919-b453-63b4c89e159b",
      "title": "",
      "fullFile": "",
      "file": "",
      "beforeHooks": [],
      "afterHooks": [],
      "tests": [],
      "suites": [
        {
          "uuid": "e9d4488b-a1fd-4b18-81b0-a59e1348a052",
          "title": "GET/user/login",
          "fullFile": "/Users/iga/Desktop/Projects/PROJECT AUTOMATIC TESTS/API automatic tests/tests/user/login-user.spec.js",
          "file": "/tests/user/login-user.spec.js",
          "beforeHooks": [],
          "afterHooks": [],
          "tests": [
            {
              "title": "should login a user of store with params",
              "fullTitle": "GET/user/login should login a user of store with params",
              "timedOut": false,
              "duration": 31,
              "state": "passed",
              "speed": "fast",
              "pass": true,
              "fail": false,
              "pending": false,
              "context": null,
              "code": "// Arrange:\nconst expectedStatusCode = 200;\nconst username = userData.username;\nconst password = userData.password;\n// Act:\nconst response = await request.get(\n  `v2/user/login?username=${username}&password=${password}`,\n);\n// Assert:\nexpect(response.statusCode).to.be.equal(\n  expectedStatusCode,\n  `ForGET/user/login we expect status code ${expectedStatusCode}`,\n);",
              "err": {},
              "uuid": "7d58b145-cf1f-4492-af44-8ed43aed8105",
              "parentUUID": "e9d4488b-a1fd-4b18-81b0-a59e1348a052",
              "isHook": false,
              "skipped": false
            }
          ],
          "suites": [],
          "passes": [
            "7d58b145-cf1f-4492-af44-8ed43aed8105"
          ],
          "failures": [],
          "pending": [],
          "skipped": [],
          "duration": 31,
          "root": false,
          "rootEmpty": false,
          "_timeout": 5000
        },
        {
          "uuid": "bbffac9e-2df2-4171-82a9-119225303a70",
          "title": "GET/logout",
          "fullFile": "/Users/iga/Desktop/Projects/PROJECT AUTOMATIC TESTS/API automatic tests/tests/user/user-logout.spec.js",
          "file": "/tests/user/user-logout.spec.js",
          "beforeHooks": [],
          "afterHooks": [],
          "tests": [
            {
              "title": "should log out a user of store",
              "fullTitle": "GET/logout should log out a user of store",
              "timedOut": false,
              "duration": 6,
              "state": "passed",
              "speed": "fast",
              "pass": true,
              "fail": false,
              "pending": false,
              "context": null,
              "code": "// Arrange:\nconst expectedStatusCode = 200;\n// Act:\nconst response = await request.get('v2/user/logout');\n// Assert:\nexpect(response.statusCode).to.be.equal(\n  expectedStatusCode,\n  `ForGET/user/login we expect status code ${expectedStatusCode}`,\n);",
              "err": {},
              "uuid": "ebb2d0a8-d288-48e7-bbfe-7348d42657e3",
              "parentUUID": "bbffac9e-2df2-4171-82a9-119225303a70",
              "isHook": false,
              "skipped": false
            }
          ],
          "suites": [],
          "passes": [
            "ebb2d0a8-d288-48e7-bbfe-7348d42657e3"
          ],
          "failures": [],
          "pending": [],
          "skipped": [],
          "duration": 6,
          "root": false,
          "rootEmpty": false,
          "_timeout": 5000
        }
      ],
      "passes": [],
      "failures": [],
      "pending": [],
      "skipped": [],
      "duration": 0,
      "root": true,
      "rootEmpty": true,
      "_timeout": 5000
    }
  ],
  "meta": {
    "mocha": {
      "version": "10.4.0"
    },
    "mochawesome": {
      "options": {
        "quiet": false,
        "reportFilename": "mochawesome",
        "saveHtml": true,
        "saveJson": true,
        "consoleReporter": "spec",
        "useInlineDiffs": false,
        "code": true
      },
      "version": "7.1.3"
    },
    "marge": {
      "options": {
        "overwrite": "true",
        "reportTitle": "My Custom Title",
        "showPassed": "true"
      },
      "version": "6.2.0"
    }
  }
}