{
  "stats": {
    "suites": 1,
    "tests": 1,
    "passes": 1,
    "pending": 0,
    "failures": 0,
    "start": "2024-07-01T12:28:48.792Z",
    "end": "2024-07-01T12:28:48.830Z",
    "duration": 38,
    "testsRegistered": 1,
    "passPercent": 100,
    "pendingPercent": 0,
    "other": 0,
    "hasOther": false,
    "skipped": 0,
    "hasSkipped": false
  },
  "results": [
    {
      "uuid": "646ae0ee-8d1c-4542-a3f3-80aeebea27bd",
      "title": "",
      "fullFile": "/Users/iga/Desktop/Projects/PROJECT AUTOMATIC TESTS/API automatic tests/tests/pet store orders/post-order.spec.js",
      "file": "/tests/pet store orders/post-order.spec.js",
      "beforeHooks": [],
      "afterHooks": [],
      "tests": [],
      "suites": [
        {
          "uuid": "89ac84c8-6037-4839-9d57-4aa31ab0c9f6",
          "title": "Placing an order for a pet",
          "fullFile": "/Users/iga/Desktop/Projects/PROJECT AUTOMATIC TESTS/API automatic tests/tests/pet store orders/post-order.spec.js",
          "file": "/tests/pet store orders/post-order.spec.js",
          "beforeHooks": [],
          "afterHooks": [],
          "tests": [
            {
              "title": "should place an order for a pet",
              "fullTitle": "Placing an order for a pet should place an order for a pet",
              "timedOut": false,
              "duration": 25,
              "state": "passed",
              "speed": "fast",
              "pass": true,
              "fail": false,
              "pending": false,
              "context": null,
              "code": "// Arrange:\nconst expectedStatusCode = 200;\nconst payload = {\n  petToOrderId,\n  quantity: 1,\n  shipDate: '2024-06-26T13:12:46.914Z',\n};\n// Act:\nconst response = await request.post('v2/store/order').send(payload);\n// Assert:\nexpect(response.statusCode).to.be.equal(\n  expectedStatusCode,\n  `Assertion failed on ${JSON.stringify(response.body)}`,\n);\nconst responseOrder = await request.get(\n  `v2/store/order/${response.body.id}`,\n);\nexpect(responseOrder.body.quantity).to.be.equal(1,\n  `Assertion failed on ${JSON.stringify(response.body)}`)",
              "err": {},
              "uuid": "1cab7427-515e-4c8a-a038-8fcdfdf9b2d4",
              "parentUUID": "89ac84c8-6037-4839-9d57-4aa31ab0c9f6",
              "isHook": false,
              "skipped": false
            }
          ],
          "suites": [],
          "passes": [
            "1cab7427-515e-4c8a-a038-8fcdfdf9b2d4"
          ],
          "failures": [],
          "pending": [],
          "skipped": [],
          "duration": 25,
          "root": false,
          "rootEmpty": false,
          "_timeout": 5000
        }
      ],
      "passes": [],
      "failures": [],
      "pending": [],
      "skipped": [],
      "duration": 0,
      "root": true,
      "rootEmpty": true,
      "_timeout": 5000
    }
  ],
  "meta": {
    "mocha": {
      "version": "10.4.0"
    },
    "mochawesome": {
      "options": {
        "quiet": false,
        "reportFilename": "mochawesome",
        "saveHtml": true,
        "saveJson": true,
        "consoleReporter": "spec",
        "useInlineDiffs": false,
        "code": true
      },
      "version": "7.1.3"
    },
    "marge": {
      "options": {
        "overwrite": "true",
        "reportTitle": "My Custom Title",
        "showPassed": "true"
      },
      "version": "6.2.0"
    }
  }
}