{
  "stats": {
    "suites": 1,
    "tests": 2,
    "passes": 2,
    "pending": 0,
    "failures": 0,
    "start": "2024-06-28T12:56:49.638Z",
    "end": "2024-06-28T12:56:49.695Z",
    "duration": 57,
    "testsRegistered": 2,
    "passPercent": 100,
    "pendingPercent": 0,
    "other": 0,
    "hasOther": false,
    "skipped": 0,
    "hasSkipped": false
  },
  "results": [
    {
      "uuid": "50e272e4-641b-468d-86d3-b4f5307577b3",
      "title": "",
      "fullFile": "/Users/iga/Desktop/Projects/PROJECT AUTOMATIC TESTS/API automatic tests/tests/pet store orders/delete-order.spec.js",
      "file": "/tests/pet store orders/delete-order.spec.js",
      "beforeHooks": [],
      "afterHooks": [],
      "tests": [],
      "suites": [
        {
          "uuid": "6462ee77-1d99-47f3-8547-119beb6f58ff",
          "title": "Deleting an order for a pet",
          "fullFile": "/Users/iga/Desktop/Projects/PROJECT AUTOMATIC TESTS/API automatic tests/tests/pet store orders/delete-order.spec.js",
          "file": "/tests/pet store orders/delete-order.spec.js",
          "beforeHooks": [],
          "afterHooks": [],
          "tests": [
            {
              "title": "should create a pet order",
              "fullTitle": "Deleting an order for a pet should create a pet order",
              "timedOut": false,
              "duration": 40,
              "state": "passed",
              "speed": "medium",
              "pass": true,
              "fail": false,
              "pending": false,
              "context": null,
              "code": "// Arrange:\nconst expectedStatusCode = 200;\nconst petToOrderId = petIds.toGetOrder;\nconst payload = {\n  petToOrderId,\n  quantity: 1,\n  shipDate: '2024-06-26T13:12:46.914Z',\n  status: 'placed',\n  complete: true,\n};\n// Act:\nconst response = await request.post('v2/store/order').send(payload);\n// Assert:\nexpect(response.statusCode).to.be.equal(\n  expectedStatusCode,\n  `For POST/v2/store/order we expect status code ${expectedStatusCode}`,\n);\norderId = response.body.id;\nconst responseOrder = await request.get(`v2/store/order/${orderId}`);\nexpect(responseOrder.body.status).to.be.equal(\n  'placed',\n  `For POST/v2/store/order we get: ${JSON.stringify(response.body)}`,\n);",
              "err": {},
              "uuid": "86e5c0b6-867d-4630-bf0b-a73c2bae398f",
              "parentUUID": "6462ee77-1d99-47f3-8547-119beb6f58ff",
              "isHook": false,
              "skipped": false
            },
            {
              "title": "should delete a pet order",
              "fullTitle": "Deleting an order for a pet should delete a pet order",
              "timedOut": false,
              "duration": 10,
              "state": "passed",
              "speed": "fast",
              "pass": true,
              "fail": false,
              "pending": false,
              "context": null,
              "code": "// Arrange:\nconst expectedStatusCode = 200;\n// Act:\nconst response = await request.delete(`v2/store/order/${orderId}`);\n// Assert:\nconst responseOrderAfterDelete = await request.get(\n  `v2/store/order/${orderId}`,\n);\nexpect(responseOrderAfterDelete.statusCode).to.be.equal(\n  404,\n  `Assertion failed on ${JSON.stringify(response.body)}`,\n);",
              "err": {},
              "uuid": "b8690311-90c6-4ae1-8f09-f4fdd58ae175",
              "parentUUID": "6462ee77-1d99-47f3-8547-119beb6f58ff",
              "isHook": false,
              "skipped": false
            }
          ],
          "suites": [],
          "passes": [
            "86e5c0b6-867d-4630-bf0b-a73c2bae398f",
            "b8690311-90c6-4ae1-8f09-f4fdd58ae175"
          ],
          "failures": [],
          "pending": [],
          "skipped": [],
          "duration": 50,
          "root": false,
          "rootEmpty": false,
          "_timeout": 5000
        }
      ],
      "passes": [],
      "failures": [],
      "pending": [],
      "skipped": [],
      "duration": 0,
      "root": true,
      "rootEmpty": true,
      "_timeout": 5000
    }
  ],
  "meta": {
    "mocha": {
      "version": "10.4.0"
    },
    "mochawesome": {
      "options": {
        "quiet": false,
        "reportFilename": "mochawesome",
        "saveHtml": true,
        "saveJson": true,
        "consoleReporter": "spec",
        "useInlineDiffs": false,
        "code": true
      },
      "version": "7.1.3"
    },
    "marge": {
      "options": {
        "overwrite": "true",
        "reportTitle": "My Custom Title",
        "showPassed": "true"
      },
      "version": "6.2.0"
    }
  }
}